1505685811716: Client connected 
1505685811716 say:QA
1505685811716 answer:ACK
1505685811717: Client connected 
1505685811716 say:Сколько пальцев на руке
1505685811716 answer:10
1505685811716 say:Квадратный корень из 100
1505685811716 answer:Минск
1505685811717 say:QA
1505685811717 answer:ACK
1505685811716 say:Столица Беларусь
1505685811716 answer:Минск
1505685811716 say:q
1505685811716 answer:DEC
1505685811716: Client disconnected
1505685811717 say:Квадратный корень из 100
1505685811717 answer:10
1505685811717 say:Столица Беларусь
1505685811717 answer:10
1505685811717 say:Сколько пальцев на руке
1505685811717 answer:Минск
1505685811717 say:q
1505685811717 answer:DEC
1505685811717: Client disconnected
1505685811764: Client connected 
1505685811764 say:QA
1505685811764 answer:ACK
1505685811764 say:Столица Беларусь
1505685811764 answer:10
1505685811764 say:Квадратный корень из 100
1505685811764 answer:Минск
1505685811764 say:Сколько пальцев на руке
1505685811764 answer:10
1505685811764 say:q
1505685811764 answer:DEC
1505685811764: Client disconnected
